<?xml version="1.0" encoding="UTF-8"?>
<!-- Generated by org.testng.reporters.JUnitReportReporter -->
<testsuite hostname="LAPTOP-0I845IR8" failures="0" tests="1" name="com.utility.readdatageneric2" time="0.682" errors="0" timestamp="2024-08-17T18:59:40 IST" skipped="0">
  <testcase classname="com.utility.readdatageneric2" name="readDataFromExcel" time="0.682"/>
  <system-out/>
</testsuite> <!-- com.utility.readdatageneric2 -->
