<?xml version="1.0" encoding="UTF-8"?>
<!-- Generated by org.testng.reporters.JUnitReportReporter -->
<testsuite hostname="LAPTOP-0I845IR8" failures="0" tests="1" name="keyboard.auth_class" time="0.014" errors="0" timestamp="2024-08-14T20:48:51 IST" skipped="0">
  <testcase classname="keyboard.auth_class" name="auth_test" time="0.014"/>
  <system-out/>
</testsuite> <!-- keyboard.auth_class -->
