<?xml version="1.0" encoding="UTF-8"?>
<!-- Generated by org.testng.reporters.JUnitReportReporter -->
<testsuite hostname="LAPTOP-0I845IR8" failures="0" tests="1" name="keyboard.Mouse_Hover" time="11.424" errors="0" timestamp="2024-08-21T14:50:48 IST" skipped="0">
  <testcase classname="keyboard.Mouse_Hover" name="Mouseover" time="11.424"/>
  <system-out/>
</testsuite> <!-- keyboard.Mouse_Hover -->
