<?xml version="1.0" encoding="UTF-8"?>
<!-- Generated by org.testng.reporters.JUnitReportReporter -->
<testsuite hostname="LAPTOP-0I845IR8" failures="0" tests="1" name="keyboard.iFrame_Alert_Control" time="0.247" errors="0" timestamp="2024-08-13T19:59:24 IST" skipped="0">
  <testcase classname="keyboard.iFrame_Alert_Control" name="iFrameTest" time="0.247"/>
  <system-out/>
</testsuite> <!-- keyboard.iFrame_Alert_Control -->
