<?xml version="1.0" encoding="UTF-8"?>
<!-- Generated by org.testng.reporters.JUnitReportReporter -->
<testsuite hostname="LAPTOP-0I845IR8" failures="0" tests="1" name="com.POM.Practice.HomePageTest" time="10.446" errors="0" timestamp="2024-08-27T13:22:11 IST" skipped="0">
  <testcase classname="com.POM.Practice.HomePageTest" name="home_Page_Test" time="10.446"/>
</testsuite> <!-- com.POM.Practice.HomePageTest -->
