<?xml version="1.0" encoding="UTF-8"?>
<!-- Generated by org.testng.reporters.JUnitReportReporter -->
<testsuite hostname="LAPTOP-0I845IR8" failures="0" tests="1" name="keyboard.Radio_Box_button" time="4.846" errors="0" timestamp="2024-08-13T16:56:16 IST" skipped="0">
  <testcase classname="keyboard.Radio_Box_button" name="radioBuuttonTest" time="4.846"/>
  <system-out/>
</testsuite> <!-- keyboard.Radio_Box_button -->
