<?xml version="1.0" encoding="UTF-8"?>
<!-- Generated by org.testng.reporters.JUnitReportReporter -->
<testsuite hostname="LAPTOP-0I845IR8" failures="0" tests="1" name="com.POM.Practice.PaymentPageTest" time="2.751" errors="0" timestamp="2024-08-27T13:22:11 IST" skipped="0">
  <testcase classname="com.POM.Practice.PaymentPageTest" name="payment_Page_Teat" time="2.751"/>
</testsuite> <!-- com.POM.Practice.PaymentPageTest -->
