<?xml version="1.0" encoding="UTF-8"?>
<!-- Generated by org.testng.reporters.JUnitReportReporter -->
<testsuite hostname="LAPTOP-0I845IR8" failures="0" tests="1" name="keyboard.takescreenshot" time="0.688" errors="0" timestamp="2024-08-14T19:21:14 IST" skipped="0">
  <testcase classname="keyboard.takescreenshot" name="ScreenshotTes" time="0.688"/>
  <system-out/>
</testsuite> <!-- keyboard.takescreenshot -->
