<?xml version="1.0" encoding="UTF-8"?>
<!-- Generated by org.testng.reporters.JUnitReportReporter -->
<testsuite hostname="LAPTOP-0I845IR8" failures="0" tests="1" name="com.POM.Practice.test.PaymentPageTest" time="0.000" errors="0" timestamp="2024-08-29T17:05:12 IST" skipped="1">
  <testcase classname="com.POM.Practice.test.PaymentPageTest" name="payment_Page_Teat" time="0.000">
    <skipped/>
  </testcase> <!-- payment_Page_Teat -->
</testsuite> <!-- com.POM.Practice.test.PaymentPageTest -->
