<?xml version="1.0" encoding="UTF-8"?>
<!-- Generated by org.testng.reporters.JUnitReportReporter -->
<testsuite hostname="LAPTOP-0I845IR8" failures="0" tests="1" name="keyboard.POMPractice" time="13.146" errors="0" timestamp="2024-08-23T21:53:42 IST" skipped="0">
  <testcase classname="keyboard.POMPractice" name="testing" time="13.146"/>
  <system-out/>
</testsuite> <!-- keyboard.POMPractice -->
