<?xml version="1.0" encoding="UTF-8"?>
<!-- Generated by org.testng.reporters.JUnitReportReporter -->
<testsuite hostname="LAPTOP-0I845IR8" failures="0" tests="1" name="keyboard.iFrame_Control" time="6.811" errors="0" timestamp="2024-08-13T19:26:46 IST" skipped="0">
  <testcase classname="keyboard.iFrame_Control" name="iFrameTest" time="6.811"/>
  <system-out/>
</testsuite> <!-- keyboard.iFrame_Control -->
