<?xml version="1.0" encoding="UTF-8"?>
<!-- Generated by org.testng.reporters.JUnitReportReporter -->
<testsuite hostname="LAPTOP-0I845IR8" failures="0" tests="1" name="keyboard.SelectCheckBox" time="5.601" errors="0" timestamp="2024-08-13T16:25:46 IST" skipped="0">
  <testcase classname="keyboard.SelectCheckBox" name="checkboxtest" time="5.601"/>
  <system-out/>
</testsuite> <!-- keyboard.SelectCheckBox -->
