<?xml version="1.0" encoding="UTF-8"?>
<!-- Generated by org.testng.reporters.JUnitReportReporter -->
<testsuite hostname="LAPTOP-0I845IR8" failures="0" tests="2" name="com.POM.Practice.Global_Components.BaseTest" time="2.533" errors="0" timestamp="2024-08-27T12:36:33 IST" skipped="0">
  <testcase classname="com.POM.Practice.Global_Components.BaseTest" name="browser_launch" time="1.716"/>
  <testcase classname="com.POM.Practice.Global_Components.BaseTest" name="launch_application" time="0.817"/>
</testsuite> <!-- com.POM.Practice.Global_Components.BaseTest -->
