<?xml version="1.0" encoding="UTF-8"?>
<!-- Generated by org.testng.reporters.JUnitReportReporter -->
<testsuite hostname="LAPTOP-0I845IR8" failures="0" tests="1" name="keyboard.JavaScript_Executor" time="6.033" errors="0" timestamp="2024-08-14T18:18:41 IST" skipped="0">
  <testcase classname="keyboard.JavaScript_Executor" name="javaScriptTest" time="6.033"/>
  <system-out/>
</testsuite> <!-- keyboard.JavaScript_Executor -->
