<?xml version="1.0" encoding="UTF-8"?>
<!-- Generated by org.testng.reporters.JUnitReportReporter -->
<testsuite hostname="LAPTOP-0I845IR8" failures="0" tests="1" name="com.POM.Practice.test.LoginTest" time="0.000" errors="0" timestamp="2024-08-29T17:05:13 IST" skipped="1">
  <testcase classname="com.POM.Practice.test.LoginTest" name="login_Test" time="0.000">
    <skipped/>
  </testcase> <!-- login_Test -->
</testsuite> <!-- com.POM.Practice.test.LoginTest -->
