<?xml version="1.0" encoding="UTF-8"?>
<!-- Generated by org.testng.reporters.JUnitReportReporter -->
<testsuite hostname="LAPTOP-0I845IR8" failures="0" tests="5" name="keyboard.Data_Provider_Demo" time="0.011" errors="0" timestamp="2024-08-15T00:42:37 IST" skipped="0">
  <testcase classname="keyboard.Data_Provider_Demo" name="Sample_data_Provider" time="0.007"/>
  <system-out/>
  <testcase classname="keyboard.Data_Provider_Demo" name="Sample_data_Provider" time="0.001"/>
  <system-out/>
  <testcase classname="keyboard.Data_Provider_Demo" name="Sample_data_Provider" time="0.002"/>
  <system-out/>
  <testcase classname="keyboard.Data_Provider_Demo" name="Sample_data_Provider" time="0.000"/>
  <system-out/>
  <testcase classname="keyboard.Data_Provider_Demo" name="Sample_data_Provider" time="0.001"/>
  <system-out/>
</testsuite> <!-- keyboard.Data_Provider_Demo -->
