<?xml version="1.0" encoding="UTF-8"?>
<!-- Generated by org.testng.reporters.JUnitReportReporter -->
<testsuite hostname="LAPTOP-0I845IR8" failures="0" tests="1" name="com.utility.Create_excel_In_Specified_loaction" time="0.651" errors="0" timestamp="2024-08-17T18:24:42 IST" skipped="0">
  <testcase classname="com.utility.Create_excel_In_Specified_loaction" name="Create_Excel_in_Location" time="0.651"/>
  <system-out/>
</testsuite> <!-- com.utility.Create_excel_In_Specified_loaction -->
