<?xml version="1.0" encoding="UTF-8"?>
<!-- Generated by org.testng.reporters.JUnitReportReporter -->
<testsuite hostname="LAPTOP-0I845IR8" failures="0" tests="1" name="com.POM.Practice.CartPageTest" time="15.283" errors="0" timestamp="2024-08-27T13:22:11 IST" skipped="0">
  <testcase classname="com.POM.Practice.CartPageTest" name="car_Page_Test" time="15.283"/>
</testsuite> <!-- com.POM.Practice.CartPageTest -->
