<?xml version="1.0" encoding="UTF-8"?>
<!-- Generated by org.testng.reporters.JUnitReportReporter -->
<testsuite hostname="LAPTOP-0I845IR8" failures="0" tests="1" name="keyboard.multipledropdown" time="1.765" errors="0" timestamp="2024-08-13T13:09:54 IST" skipped="0">
  <testcase classname="keyboard.multipledropdown" name="alllinksofpage" time="1.765"/>
  <system-out/>
</testsuite> <!-- keyboard.multipledropdown -->
