<?xml version="1.0" encoding="UTF-8"?>
<!-- Generated by org.testng.reporters.JUnitReportReporter -->
<testsuite hostname="LAPTOP-0I845IR8" failures="0" tests="1" name="keyboard.AutoSuggestions" time="6.436" errors="0" timestamp="2024-08-13T14:56:58 IST" skipped="0">
  <testcase classname="keyboard.AutoSuggestions" name="Autosuggestiondropdown" time="6.436"/>
  <system-out/>
</testsuite> <!-- keyboard.AutoSuggestions -->
