<?xml version="1.0" encoding="UTF-8"?>
<!-- Generated by org.testng.reporters.JUnitReportReporter -->
<testsuite hostname="LAPTOP-0I845IR8" failures="0" tests="1" name="keyboard.Window_Handles" time="14.569" errors="0" timestamp="2024-08-21T13:08:30 IST" skipped="0">
  <testcase classname="keyboard.Window_Handles" name="WindowsHandle" time="14.569"/>
  <system-out/>
</testsuite> <!-- keyboard.Window_Handles -->
