<?xml version="1.0" encoding="UTF-8"?>
<!-- Generated by org.testng.reporters.JUnitReportReporter -->
<testsuite hostname="LAPTOP-0I845IR8" failures="0" tests="1" name="com.utility.ReadDataFromExcel" time="0.630" errors="0" timestamp="2024-08-17T18:39:45 IST" skipped="0">
  <testcase classname="com.utility.ReadDataFromExcel" name="read_Data" time="0.630"/>
  <system-out/>
</testsuite> <!-- com.utility.ReadDataFromExcel -->
