<?xml version="1.0" encoding="UTF-8"?>
<!-- Generated by org.testng.reporters.JUnitReportReporter -->
<testsuite hostname="LAPTOP-0I845IR8" failures="0" tests="1" name="Assertion_Demo.TestClass01" time="0.011" errors="0" timestamp="2024-08-18T21:19:29 IST" skipped="0">
  <testcase classname="Assertion_Demo.TestClass01" name="testMethod01" time="0.011"/>
  <system-out/>
</testsuite> <!-- Assertion_Demo.TestClass01 -->
