<?xml version="1.0" encoding="UTF-8"?>
<!-- Generated by org.testng.reporters.JUnitReportReporter -->
<testsuite hostname="LAPTOP-0I845IR8" failures="0" tests="1" name="keyboard.windowsHandle" time="13.317" errors="0" timestamp="2024-08-21T13:42:20 IST" skipped="0">
  <testcase classname="keyboard.windowsHandle" name="Handle_Window" time="13.317"/>
  <system-out/>
</testsuite> <!-- keyboard.windowsHandle -->
