<?xml version="1.0" encoding="UTF-8"?>
<!-- Generated by org.testng.reporters.JUnitReportReporter -->
<testsuite hostname="LAPTOP-0I845IR8" failures="0" tests="1" name="com.POM.Practice.OrderConfirmTest" time="0.064" errors="0" timestamp="2024-08-27T13:22:11 IST" skipped="0">
  <testcase classname="com.POM.Practice.OrderConfirmTest" name="Order_Confirmation_Test" time="0.064"/>
</testsuite> <!-- com.POM.Practice.OrderConfirmTest -->
