<?xml version="1.0" encoding="UTF-8"?>
<!-- Generated by org.testng.reporters.JUnitReportReporter -->
<testsuite hostname="LAPTOP-0I845IR8" failures="0" tests="1" name="keyboard.Read_Write" time="0.020" errors="0" timestamp="2024-08-14T22:00:59 IST" skipped="0">
  <testcase classname="keyboard.Read_Write" name="Read_Write_test" time="0.020"/>
  <system-out/>
</testsuite> <!-- keyboard.Read_Write -->
