<?xml version="1.0" encoding="UTF-8"?>
<!-- Generated by org.testng.reporters.JUnitReportReporter -->
<testsuite hostname="LAPTOP-0I845IR8" failures="0" tests="1" name="com.utility.CtreateWorkBook" time="0.740" errors="0" timestamp="2024-08-17T15:36:22 IST" skipped="0">
  <testcase classname="com.utility.CtreateWorkBook" name="create_workbook" time="0.740"/>
  <system-out/>
</testsuite> <!-- com.utility.CtreateWorkBook -->
