<?xml version="1.0" encoding="UTF-8"?>
<!-- Generated by org.testng.reporters.JUnitReportReporter -->
<testsuite hostname="LAPTOP-0I845IR8" failures="0" tests="1" name="com.POM.Practice.test.HomePageTest" time="11.036" errors="0" timestamp="2024-08-30T00:54:27 IST" skipped="0">
  <testcase classname="com.POM.Practice.test.HomePageTest" name="home_Page_Test" time="11.036"/>
  <system-out/>
</testsuite> <!-- com.POM.Practice.test.HomePageTest -->
