<?xml version="1.0" encoding="UTF-8"?>
<!-- Generated by org.testng.reporters.JUnitReportReporter -->
<testsuite hostname="LAPTOP-0I845IR8" failures="0" tests="1" name="com.POM.Practice.test.LoginTest" time="5.842" errors="0" timestamp="2024-08-30T00:54:27 IST" skipped="0">
  <testcase classname="com.POM.Practice.test.LoginTest" name="login_Test" time="5.842"/>
  <system-out/>
</testsuite> <!-- com.POM.Practice.test.LoginTest -->
